
> uniz-auth-service@1.0.0 dev
> ts-node src/index.ts

Auth Service running on port 3001
✅ Login notification sent to o210008@rguktong.ac.in
✅ OTP email sent to o210008@rguktong.ac.in
✅ OTP sent to o210008@rguktong.ac.in for o210008: 264008
✅ Login notification sent to caretaker_male@rguktong.ac.in
✅ Login notification sent to warden_male@rguktong.ac.in
✅ Login notification sent to swo_admin@rguktong.ac.in
✅ Login notification sent to director@rguktong.ac.in
✅ Login notification sent to webmaster@rguktong.ac.in
✅ Login notification sent to webmaster@rguktong.ac.in
✅ Login notification sent to O200724@rguktong.ac.in
✅ Login notification sent to O210007@rguktong.ac.in
✅ Login notification sent to O210008@rguktong.ac.in
✅ Login notification sent to O210013@rguktong.ac.in
✅ Login notification sent to O210014@rguktong.ac.in
✅ Login notification sent to O210025@rguktong.ac.in
✅ Login notification sent to O210030@rguktong.ac.in
✅ Login notification sent to O210031@rguktong.ac.in
✅ Login notification sent to O210036@rguktong.ac.in
✅ Login notification sent to O210053@rguktong.ac.in
✅ Login notification sent to O210066@rguktong.ac.in
✅ Login notification sent to O210081@rguktong.ac.in
✅ Login notification sent to O210087@rguktong.ac.in
✅ Login notification sent to O210099@rguktong.ac.in
✅ Login notification sent to O210104@rguktong.ac.in
✅ Login notification sent to O210115@rguktong.ac.in
✅ Login notification sent to O210119@rguktong.ac.in
✅ Login notification sent to O210129@rguktong.ac.in
✅ Login notification sent to O210137@rguktong.ac.in
✅ Login notification sent to O210139@rguktong.ac.in
✅ Login notification sent to O210143@rguktong.ac.in
✅ Login notification sent to O210173@rguktong.ac.in
✅ Login notification sent to O210191@rguktong.ac.in
✅ Login notification sent to O210193@rguktong.ac.in
✅ Login notification sent to O210195@rguktong.ac.in
✅ Login notification sent to O210213@rguktong.ac.in
✅ Login notification sent to O210218@rguktong.ac.in
✅ Login notification sent to O210219@rguktong.ac.in
✅ Login notification sent to O210221@rguktong.ac.in
✅ Login notification sent to O210225@rguktong.ac.in
✅ Login notification sent to O210241@rguktong.ac.in
✅ Login notification sent to O210248@rguktong.ac.in
✅ Login notification sent to O210273@rguktong.ac.in
✅ Login notification sent to O210282@rguktong.ac.in
✅ Login notification sent to O210283@rguktong.ac.in
✅ Login notification sent to O210292@rguktong.ac.in
✅ Login notification sent to O210302@rguktong.ac.in
✅ Login notification sent to O210306@rguktong.ac.in
✅ Login notification sent to O210307@rguktong.ac.in
✅ Login notification sent to O210314@rguktong.ac.in
✅ Login notification sent to O210318@rguktong.ac.in
✅ Login notification sent to O210329@rguktong.ac.in
✅ Login notification sent to O210339@rguktong.ac.in
✅ Login notification sent to O210353@rguktong.ac.in
✅ Login notification sent to O210377@rguktong.ac.in
✅ Login notification sent to O210396@rguktong.ac.in
✅ Login notification sent to O210415@rguktong.ac.in
✅ Login notification sent to O210427@rguktong.ac.in
✅ Login notification sent to O210429@rguktong.ac.in
✅ Login notification sent to O210433@rguktong.ac.in
✅ Login notification sent to O210435@rguktong.ac.in
✅ Login notification sent to O210446@rguktong.ac.in
✅ Login notification sent to O210449@rguktong.ac.in
✅ Login notification sent to O210459@rguktong.ac.in
✅ Login notification sent to O210462@rguktong.ac.in
✅ Login notification sent to O210473@rguktong.ac.in
✅ Login notification sent to O210533@rguktong.ac.in
✅ Login notification sent to O210604@rguktong.ac.in
✅ Login notification sent to O210609@rguktong.ac.in
✅ Login notification sent to O210647@rguktong.ac.in
✅ Login notification sent to O210652@rguktong.ac.in
✅ Login notification sent to O210667@rguktong.ac.in
✅ Login notification sent to O210687@rguktong.ac.in
✅ Login notification sent to O210731@rguktong.ac.in
✅ Login notification sent to O210773@rguktong.ac.in
✅ Login notification sent to O210786@rguktong.ac.in
✅ Login notification sent to O210791@rguktong.ac.in
✅ Login notification sent to O210818@rguktong.ac.in
✅ Login notification sent to O210828@rguktong.ac.in
✅ Login notification sent to O210829@rguktong.ac.in
✅ Login notification sent to O210835@rguktong.ac.in
✅ Login notification sent to O210842@rguktong.ac.in
✅ Login notification sent to O210855@rguktong.ac.in
✅ Login notification sent to O210860@rguktong.ac.in
✅ Login notification sent to O210870@rguktong.ac.in
✅ Login notification sent to O210880@rguktong.ac.in
✅ Login notification sent to O210896@rguktong.ac.in
✅ Login notification sent to O210900@rguktong.ac.in
✅ Login notification sent to O210910@rguktong.ac.in
✅ Login notification sent to O210947@rguktong.ac.in
❌ Failed to send login notification: Error: Invalid login: 454-4.7.0 Too many login attempts, please try again later. For more information,
454-4.7.0 go to
454 4.7.0  https://support.google.com/mail/answer/7126229 41be03b00d2f7-c642afbffdfsm9416649a12.34 - gsmtp
    at SMTPConnection._formatError (/Users/sreecharandesu/Projects/uniz-rguktong/uniz-auth-service/node_modules/nodemailer/lib/smtp-connection/index.js:814:19)
    at SMTPConnection._actionAUTHComplete (/Users/sreecharandesu/Projects/uniz-rguktong/uniz-auth-service/node_modules/nodemailer/lib/smtp-connection/index.js:1622:34)
    at SMTPConnection.<anonymous> (/Users/sreecharandesu/Projects/uniz-rguktong/uniz-auth-service/node_modules/nodemailer/lib/smtp-connection/index.js:556:26)
    at SMTPConnection._processResponse (/Users/sreecharandesu/Projects/uniz-rguktong/uniz-auth-service/node_modules/nodemailer/lib/smtp-connection/index.js:998:20)
    at SMTPConnection._onData (/Users/sreecharandesu/Projects/uniz-rguktong/uniz-auth-service/node_modules/nodemailer/lib/smtp-connection/index.js:774:14)
    at TLSSocket.SMTPConnection._onSocketData (/Users/sreecharandesu/Projects/uniz-rguktong/uniz-auth-service/node_modules/nodemailer/lib/smtp-connection/index.js:195:44)
    at TLSSocket.emit (node:events:508:28)
    at TLSSocket.emit (node:domain:489:12)
    at addChunk (node:internal/streams/readable:559:12)
    at readableAddChunkPushByteMode (node:internal/streams/readable:510:3) {
  code: 'EAUTH',
  response: '454-4.7.0 Too many login attempts, please try again later. For more information,\n' +
    '454-4.7.0 go to\n' +
    '454 4.7.0  https://support.google.com/mail/answer/7126229 41be03b00d2f7-c642afbffdfsm9416649a12.34 - gsmtp',
  responseCode: 454,
  command: 'AUTH PLAIN'
}
✅ Login notification sent to O210963@rguktong.ac.in
❌ Failed to send login notification: Error: Invalid login: 454-4.7.0 Too many login attempts, please try again later. For more information,
454-4.7.0 go to
454 4.7.0  https://support.google.com/mail/answer/7126229 41be03b00d2f7-c642846888fsm9727656a12.16 - gsmtp
    at SMTPConnection._formatError (/Users/sreecharandesu/Projects/uniz-rguktong/uniz-auth-service/node_modules/nodemailer/lib/smtp-connection/index.js:814:19)
    at SMTPConnection._actionAUTHComplete (/Users/sreecharandesu/Projects/uniz-rguktong/uniz-auth-service/node_modules/nodemailer/lib/smtp-connection/index.js:1622:34)
    at SMTPConnection.<anonymous> (/Users/sreecharandesu/Projects/uniz-rguktong/uniz-auth-service/node_modules/nodemailer/lib/smtp-connection/index.js:556:26)
    at SMTPConnection._processResponse (/Users/sreecharandesu/Projects/uniz-rguktong/uniz-auth-service/node_modules/nodemailer/lib/smtp-connection/index.js:998:20)
    at SMTPConnection._onData (/Users/sreecharandesu/Projects/uniz-rguktong/uniz-auth-service/node_modules/nodemailer/lib/smtp-connection/index.js:774:14)
    at TLSSocket.SMTPConnection._onSocketData (/Users/sreecharandesu/Projects/uniz-rguktong/uniz-auth-service/node_modules/nodemailer/lib/smtp-connection/index.js:195:44)
    at TLSSocket.emit (node:events:508:28)
    at TLSSocket.emit (node:domain:489:12)
    at addChunk (node:internal/streams/readable:559:12)
    at readableAddChunkPushByteMode (node:internal/streams/readable:510:3) {
  code: 'EAUTH',
  response: '454-4.7.0 Too many login attempts, please try again later. For more information,\n' +
    '454-4.7.0 go to\n' +
    '454 4.7.0  https://support.google.com/mail/answer/7126229 41be03b00d2f7-c642846888fsm9727656a12.16 - gsmtp',
  responseCode: 454,
  command: 'AUTH PLAIN'
}
❌ Failed to send login notification: Error: Invalid login: 454-4.7.0 Too many login attempts, please try again later. For more information,
454-4.7.0 go to
454 4.7.0  https://support.google.com/mail/answer/7126229 d9443c01a7336-2a88b3eecedsm96404725ad.15 - gsmtp
    at SMTPConnection._formatError (/Users/sreecharandesu/Projects/uniz-rguktong/uniz-auth-service/node_modules/nodemailer/lib/smtp-connection/index.js:814:19)
    at SMTPConnection._actionAUTHComplete (/Users/sreecharandesu/Projects/uniz-rguktong/uniz-auth-service/node_modules/nodemailer/lib/smtp-connection/index.js:1622:34)
    at SMTPConnection.<anonymous> (/Users/sreecharandesu/Projects/uniz-rguktong/uniz-auth-service/node_modules/nodemailer/lib/smtp-connection/index.js:556:26)
    at SMTPConnection._processResponse (/Users/sreecharandesu/Projects/uniz-rguktong/uniz-auth-service/node_modules/nodemailer/lib/smtp-connection/index.js:998:20)
    at SMTPConnection._onData (/Users/sreecharandesu/Projects/uniz-rguktong/uniz-auth-service/node_modules/nodemailer/lib/smtp-connection/index.js:774:14)
    at TLSSocket.SMTPConnection._onSocketData (/Users/sreecharandesu/Projects/uniz-rguktong/uniz-auth-service/node_modules/nodemailer/lib/smtp-connection/index.js:195:44)
    at TLSSocket.emit (node:events:508:28)
    at TLSSocket.emit (node:domain:489:12)
    at addChunk (node:internal/streams/readable:559:12)
    at readableAddChunkPushByteMode (node:internal/streams/readable:510:3) {
  code: 'EAUTH',
  response: '454-4.7.0 Too many login attempts, please try again later. For more information,\n' +
    '454-4.7.0 go to\n' +
    '454 4.7.0  https://support.google.com/mail/answer/7126229 d9443c01a7336-2a88b3eecedsm96404725ad.15 - gsmtp',
  responseCode: 454,
  command: 'AUTH PLAIN'
}
❌ Failed to send login notification: Error: Invalid login: 454-4.7.0 Too many login attempts, please try again later. For more information,
454-4.7.0 go to
454 4.7.0  https://support.google.com/mail/answer/7126229 d2e1a72fcca58-82379a19d33sm10230633b3a.0 - gsmtp
    at SMTPConnection._formatError (/Users/sreecharandesu/Projects/uniz-rguktong/uniz-auth-service/node_modules/nodemailer/lib/smtp-connection/index.js:814:19)
    at SMTPConnection._actionAUTHComplete (/Users/sreecharandesu/Projects/uniz-rguktong/uniz-auth-service/node_modules/nodemailer/lib/smtp-connection/index.js:1622:34)
    at SMTPConnection.<anonymous> (/Users/sreecharandesu/Projects/uniz-rguktong/uniz-auth-service/node_modules/nodemailer/lib/smtp-connection/index.js:556:26)
    at SMTPConnection._processResponse (/Users/sreecharandesu/Projects/uniz-rguktong/uniz-auth-service/node_modules/nodemailer/lib/smtp-connection/index.js:998:20)
    at SMTPConnection._onData (/Users/sreecharandesu/Projects/uniz-rguktong/uniz-auth-service/node_modules/nodemailer/lib/smtp-connection/index.js:774:14)
    at TLSSocket.SMTPConnection._onSocketData (/Users/sreecharandesu/Projects/uniz-rguktong/uniz-auth-service/node_modules/nodemailer/lib/smtp-connection/index.js:195:44)
    at TLSSocket.emit (node:events:508:28)
    at TLSSocket.emit (node:domain:489:12)
    at addChunk (node:internal/streams/readable:559:12)
    at readableAddChunkPushByteMode (node:internal/streams/readable:510:3) {
  code: 'EAUTH',
  response: '454-4.7.0 Too many login attempts, please try again later. For more information,\n' +
    '454-4.7.0 go to\n' +
    '454 4.7.0  https://support.google.com/mail/answer/7126229 d2e1a72fcca58-82379a19d33sm10230633b3a.0 - gsmtp',
  responseCode: 454,
  command: 'AUTH PLAIN'
}
❌ Failed to send login notification: Error: Invalid login: 454-4.7.0 Too many login attempts, please try again later. For more information,
454-4.7.0 go to
454 4.7.0  https://support.google.com/mail/answer/7126229 d9443c01a7336-2a88b4153c6sm97220015ad.37 - gsmtp
    at SMTPConnection._formatError (/Users/sreecharandesu/Projects/uniz-rguktong/uniz-auth-service/node_modules/nodemailer/lib/smtp-connection/index.js:814:19)
    at SMTPConnection._actionAUTHComplete (/Users/sreecharandesu/Projects/uniz-rguktong/uniz-auth-service/node_modules/nodemailer/lib/smtp-connection/index.js:1622:34)
    at SMTPConnection.<anonymous> (/Users/sreecharandesu/Projects/uniz-rguktong/uniz-auth-service/node_modules/nodemailer/lib/smtp-connection/index.js:556:26)
    at SMTPConnection._processResponse (/Users/sreecharandesu/Projects/uniz-rguktong/uniz-auth-service/node_modules/nodemailer/lib/smtp-connection/index.js:998:20)
    at SMTPConnection._onData (/Users/sreecharandesu/Projects/uniz-rguktong/uniz-auth-service/node_modules/nodemailer/lib/smtp-connection/index.js:774:14)
    at TLSSocket.SMTPConnection._onSocketData (/Users/sreecharandesu/Projects/uniz-rguktong/uniz-auth-service/node_modules/nodemailer/lib/smtp-connection/index.js:195:44)
    at TLSSocket.emit (node:events:508:28)
    at TLSSocket.emit (node:domain:489:12)
    at addChunk (node:internal/streams/readable:559:12)
    at readableAddChunkPushByteMode (node:internal/streams/readable:510:3) {
  code: 'EAUTH',
  response: '454-4.7.0 Too many login attempts, please try again later. For more information,\n' +
    '454-4.7.0 go to\n' +
    '454 4.7.0  https://support.google.com/mail/answer/7126229 d9443c01a7336-2a88b4153c6sm97220015ad.37 - gsmtp',
  responseCode: 454,
  command: 'AUTH PLAIN'
}
❌ Failed to send login notification: Error: Invalid login: 454-4.7.0 Too many login attempts, please try again later. For more information,
454-4.7.0 go to
454 4.7.0  https://support.google.com/mail/answer/7126229 d2e1a72fcca58-82379c54fcasm11224162b3a.66 - gsmtp
    at SMTPConnection._formatError (/Users/sreecharandesu/Projects/uniz-rguktong/uniz-auth-service/node_modules/nodemailer/lib/smtp-connection/index.js:814:19)
    at SMTPConnection._actionAUTHComplete (/Users/sreecharandesu/Projects/uniz-rguktong/uniz-auth-service/node_modules/nodemailer/lib/smtp-connection/index.js:1622:34)
    at SMTPConnection.<anonymous> (/Users/sreecharandesu/Projects/uniz-rguktong/uniz-auth-service/node_modules/nodemailer/lib/smtp-connection/index.js:556:26)
    at SMTPConnection._processResponse (/Users/sreecharandesu/Projects/uniz-rguktong/uniz-auth-service/node_modules/nodemailer/lib/smtp-connection/index.js:998:20)
    at SMTPConnection._onData (/Users/sreecharandesu/Projects/uniz-rguktong/uniz-auth-service/node_modules/nodemailer/lib/smtp-connection/index.js:774:14)
    at TLSSocket.SMTPConnection._onSocketData (/Users/sreecharandesu/Projects/uniz-rguktong/uniz-auth-service/node_modules/nodemailer/lib/smtp-connection/index.js:195:44)
    at TLSSocket.emit (node:events:508:28)
    at TLSSocket.emit (node:domain:489:12)
    at addChunk (node:internal/streams/readable:559:12)
    at readableAddChunkPushByteMode (node:internal/streams/readable:510:3) {
  code: 'EAUTH',
  response: '454-4.7.0 Too many login attempts, please try again later. For more information,\n' +
    '454-4.7.0 go to\n' +
    '454 4.7.0  https://support.google.com/mail/answer/7126229 d2e1a72fcca58-82379c54fcasm11224162b3a.66 - gsmtp',
  responseCode: 454,
  command: 'AUTH PLAIN'
}
❌ Failed to send login notification: Error: Invalid login: 454-4.7.0 Too many login attempts, please try again later. For more information,
454-4.7.0 go to
454 4.7.0  https://support.google.com/mail/answer/7126229 41be03b00d2f7-c642afbffdfsm9416987a12.34 - gsmtp
    at SMTPConnection._formatError (/Users/sreecharandesu/Projects/uniz-rguktong/uniz-auth-service/node_modules/nodemailer/lib/smtp-connection/index.js:814:19)
    at SMTPConnection._actionAUTHComplete (/Users/sreecharandesu/Projects/uniz-rguktong/uniz-auth-service/node_modules/nodemailer/lib/smtp-connection/index.js:1622:34)
    at SMTPConnection.<anonymous> (/Users/sreecharandesu/Projects/uniz-rguktong/uniz-auth-service/node_modules/nodemailer/lib/smtp-connection/index.js:556:26)
    at SMTPConnection._processResponse (/Users/sreecharandesu/Projects/uniz-rguktong/uniz-auth-service/node_modules/nodemailer/lib/smtp-connection/index.js:998:20)
    at SMTPConnection._onData (/Users/sreecharandesu/Projects/uniz-rguktong/uniz-auth-service/node_modules/nodemailer/lib/smtp-connection/index.js:774:14)
    at TLSSocket.SMTPConnection._onSocketData (/Users/sreecharandesu/Projects/uniz-rguktong/uniz-auth-service/node_modules/nodemailer/lib/smtp-connection/index.js:195:44)
    at TLSSocket.emit (node:events:508:28)
    at TLSSocket.emit (node:domain:489:12)
    at addChunk (node:internal/streams/readable:559:12)
    at readableAddChunkPushByteMode (node:internal/streams/readable:510:3) {
  code: 'EAUTH',
  response: '454-4.7.0 Too many login attempts, please try again later. For more information,\n' +
    '454-4.7.0 go to\n' +
    '454 4.7.0  https://support.google.com/mail/answer/7126229 41be03b00d2f7-c642afbffdfsm9416987a12.34 - gsmtp',
  responseCode: 454,
  command: 'AUTH PLAIN'
}
❌ Failed to send login notification: Error: Invalid login: 454-4.7.0 Too many login attempts, please try again later. For more information,
454-4.7.0 go to
454 4.7.0  https://support.google.com/mail/answer/7126229 d2e1a72fcca58-82379bfd71csm10131577b3a.35 - gsmtp
    at SMTPConnection._formatError (/Users/sreecharandesu/Projects/uniz-rguktong/uniz-auth-service/node_modules/nodemailer/lib/smtp-connection/index.js:814:19)
    at SMTPConnection._actionAUTHComplete (/Users/sreecharandesu/Projects/uniz-rguktong/uniz-auth-service/node_modules/nodemailer/lib/smtp-connection/index.js:1622:34)
    at SMTPConnection.<anonymous> (/Users/sreecharandesu/Projects/uniz-rguktong/uniz-auth-service/node_modules/nodemailer/lib/smtp-connection/index.js:556:26)
    at SMTPConnection._processResponse (/Users/sreecharandesu/Projects/uniz-rguktong/uniz-auth-service/node_modules/nodemailer/lib/smtp-connection/index.js:998:20)
    at SMTPConnection._onData (/Users/sreecharandesu/Projects/uniz-rguktong/uniz-auth-service/node_modules/nodemailer/lib/smtp-connection/index.js:774:14)
    at TLSSocket.SMTPConnection._onSocketData (/Users/sreecharandesu/Projects/uniz-rguktong/uniz-auth-service/node_modules/nodemailer/lib/smtp-connection/index.js:195:44)
    at TLSSocket.emit (node:events:508:28)
    at TLSSocket.emit (node:domain:489:12)
    at addChunk (node:internal/streams/readable:559:12)
    at readableAddChunkPushByteMode (node:internal/streams/readable:510:3) {
  code: 'EAUTH',
  response: '454-4.7.0 Too many login attempts, please try again later. For more information,\n' +
    '454-4.7.0 go to\n' +
    '454 4.7.0  https://support.google.com/mail/answer/7126229 d2e1a72fcca58-82379bfd71csm10131577b3a.35 - gsmtp',
  responseCode: 454,
  command: 'AUTH PLAIN'
}
❌ Failed to send login notification: Error: Invalid login: 454-4.7.0 Too many login attempts, please try again later. For more information,
454-4.7.0 go to
454 4.7.0  https://support.google.com/mail/answer/7126229 d9443c01a7336-2a88b3eecb7sm94893135ad.1 - gsmtp
    at SMTPConnection._formatError (/Users/sreecharandesu/Projects/uniz-rguktong/uniz-auth-service/node_modules/nodemailer/lib/smtp-connection/index.js:814:19)
    at SMTPConnection._actionAUTHComplete (/Users/sreecharandesu/Projects/uniz-rguktong/uniz-auth-service/node_modules/nodemailer/lib/smtp-connection/index.js:1622:34)
    at SMTPConnection.<anonymous> (/Users/sreecharandesu/Projects/uniz-rguktong/uniz-auth-service/node_modules/nodemailer/lib/smtp-connection/index.js:556:26)
    at SMTPConnection._processResponse (/Users/sreecharandesu/Projects/uniz-rguktong/uniz-auth-service/node_modules/nodemailer/lib/smtp-connection/index.js:998:20)
    at SMTPConnection._onData (/Users/sreecharandesu/Projects/uniz-rguktong/uniz-auth-service/node_modules/nodemailer/lib/smtp-connection/index.js:774:14)
    at TLSSocket.SMTPConnection._onSocketData (/Users/sreecharandesu/Projects/uniz-rguktong/uniz-auth-service/node_modules/nodemailer/lib/smtp-connection/index.js:195:44)
    at TLSSocket.emit (node:events:508:28)
    at TLSSocket.emit (node:domain:489:12)
    at addChunk (node:internal/streams/readable:559:12)
    at readableAddChunkPushByteMode (node:internal/streams/readable:510:3) {
  code: 'EAUTH',
  response: '454-4.7.0 Too many login attempts, please try again later. For more information,\n' +
    '454-4.7.0 go to\n' +
    '454 4.7.0  https://support.google.com/mail/answer/7126229 d9443c01a7336-2a88b3eecb7sm94893135ad.1 - gsmtp',
  responseCode: 454,
  command: 'AUTH PLAIN'
}
